f:\agilor.distributed\agilor.storage.c150914\agilor.storage.c\agilor.storage.c\release\vc120.pdb
f:\agilor.distributed\agilor.storage.c150914\agilor.storage.c\agilor.storage.c\release\test_main.obj
f:\agilor.distributed\agilor.storage.c150914\agilor.storage.c\agilor.storage.c\release\target_value.obj
f:\agilor.distributed\agilor.storage.c150914\agilor.storage.c\agilor.storage.c\release\target.obj
f:\agilor.distributed\agilor.storage.c150914\agilor.storage.c\agilor.storage.c\release\new_device_test.obj
f:\agilor.distributed\agilor.storage.c150914\agilor.storage.c\agilor.storage.c\release\agilorhandler.obj
f:\agilor.distributed\agilor.storage.c150914\agilor.storage.c\agilor.storage.c\release\inter_types.obj
f:\agilor.distributed\agilor.storage.c150914\agilor.storage.c\agilor.storage.c\release\inter_constants.obj
f:\agilor.distributed\agilor.storage.c150914\agilor.storage.c\agilor.storage.c\release\config.obj
f:\agilor.distributed\agilor.storage.c150914\agilor.storage.c\agilor.storage.c\release\baseservereventhandler.obj
f:\agilor.distributed\agilor.storage.c150914\agilor.storage.c\agilor.storage.c\release\agilor_server.skeleton.obj
f:\agilor.distributed\agilor.storage.c150914\agilor.storage.c\agilor.storage.c\release\agilor_database.obj
f:\agilor.distributed\agilor.storage.c150914\agilor.storage.c\agilor.storage.c\release\agilor.obj
f:\agilor.distributed\agilor.storage.c150914\agilor.storage.c\agilor.storage.c\release\aci_thrift_parse.obj
f:\agilor.distributed\agilor.storage.c150914\agilor.storage.c\agilor.storage.c\release\aci.obj
f:\agilor.distributed\agilor.storage.c150914\agilor.storage.c\release\agilor.storage.c.exe
f:\log4cplus-master\msvc14\win32\obj.log4cpluss.release\consoleappender.asm
f:\log4cplus-master\msvc14\win32\obj.log4cpluss.release\pointer.asm
f:\log4cplus-master\msvc14\win32\obj.log4cpluss.release\patternlayout.asm
f:\log4cplus-master\msvc14\win32\obj.log4cpluss.release\loggingmacros.asm
f:\log4cplus-master\msvc14\win32\obj.log4cpluss.release\logger.asm
f:\log4cplus-master\msvc14\win32\obj.log4cpluss.release\global-init.asm
f:\log4cplus-master\msvc14\win32\obj.log4cpluss.release\property.asm
f:\log4cplus-master\msvc14\win32\obj.log4cpluss.release\loglog.asm
f:\log4cplus-master\msvc14\win32\obj.log4cpluss.release\appender.asm
f:\log4cplus-master\msvc14\win32\obj.log4cpluss.release\syncprims.asm
f:\log4cplus-master\msvc14\win32\obj.log4cpluss.release\socket-win32.asm
f:\log4cplus-master\msvc14\win32\obj.log4cpluss.release\timehelper.asm
f:\log4cplus-master\msvc14\win32\obj.log4cpluss.release\loglevel.asm
f:\log4cplus-master\msvc14\win32\obj.log4cpluss.release\ndc.asm
f:\log4cplus-master\msvc14\win32\obj.log4cpluss.release\env.asm
f:\log4cplus-master\msvc14\win32\obj.log4cpluss.release\layout.asm
f:\log4cplus-master\msvc14\win32\obj.log4cpluss.release\tls.asm
f:\log4cplus-master\msvc14\win32\obj.log4cpluss.release\threads.asm
f:\log4cplus-master\msvc14\win32\obj.log4cpluss.release\loggingevent.asm
f:\log4cplus-master\msvc14\win32\obj.log4cpluss.release\mdc.asm
f:\log4cplus-master\msvc14\win32\obj.log4cpluss.release\stringhelper.asm
f:\log4cplus-master\msvc14\win32\obj.log4cpluss.release\appenderattachableimpl.asm
f:\log4cplus-master\msvc14\win32\obj.log4cpluss.release\loggerimpl.asm
f:\log4cplus-master\msvc14\win32\obj.log4cpluss.release\snprintf.asm
f:\log4cplus-master\msvc14\win32\obj.log4cpluss.release\hierarchy.asm
f:\log4cplus-master\msvc14\win32\obj.log4cpluss.release\factory.asm
f:\log4cplus-master\msvc14\win32\obj.log4cpluss.release\objectregistry.asm
f:\log4cplus-master\msvc14\win32\obj.log4cpluss.release\lockfile.asm
f:\log4cplus-master\msvc14\win32\obj.log4cpluss.release\filter.asm
f:\log4cplus-master\msvc14\win32\obj.log4cpluss.release\socket.asm
f:\log4cplus-master\msvc14\win32\obj.log4cpluss.release\fileinfo.asm
f:\log4cplus-master\msvc14\win32\obj.log4cpluss.release\rootlogger.asm
f:\log4cplus-master\msvc14\win32\obj.log4cpluss.release\win32debugappender.asm
f:\log4cplus-master\msvc14\win32\obj.log4cpluss.release\nteventlogappender.asm
f:\log4cplus-master\msvc14\win32\obj.log4cpluss.release\nullappender.asm
f:\log4cplus-master\msvc14\win32\obj.log4cpluss.release\fileappender.asm
f:\log4cplus-master\msvc14\win32\obj.log4cpluss.release\syslogappender.asm
f:\log4cplus-master\msvc14\win32\obj.log4cpluss.release\win32consoleappender.asm
f:\log4cplus-master\msvc14\win32\obj.log4cpluss.release\log4judpappender.asm
f:\log4cplus-master\msvc14\win32\obj.log4cpluss.release\socketappender.asm
f:\log4cplus-master\msvc14\win32\obj.log4cpluss.release\socketbuffer.asm
f:\agilor.distributed\agilor.storage.c150914\agilor.storage.c\release\agilor.storage.c.pdb
f:\agilor.distributed\agilor.storage.c150914\agilor.storage.c\agilor.storage.c\release\agilor.storage.c.tlog\cl.command.1.tlog
f:\agilor.distributed\agilor.storage.c150914\agilor.storage.c\agilor.storage.c\release\agilor.storage.c.tlog\cl.read.1.tlog
f:\agilor.distributed\agilor.storage.c150914\agilor.storage.c\agilor.storage.c\release\agilor.storage.c.tlog\cl.write.1.tlog
f:\agilor.distributed\agilor.storage.c150914\agilor.storage.c\agilor.storage.c\release\agilor.storage.c.tlog\link.command.1.tlog
f:\agilor.distributed\agilor.storage.c150914\agilor.storage.c\agilor.storage.c\release\agilor.storage.c.tlog\link.read.1.tlog
f:\agilor.distributed\agilor.storage.c150914\agilor.storage.c\agilor.storage.c\release\agilor.storage.c.tlog\link.write.1.tlog
