生成启动时间为 2015/10/15 9:52:21。
     1>项目“F:\agilor.distributed\agilor.storage.c150914\agilor.storage.c\agilor.storage.c\agilor.storage.c.vcxproj”在节点 2 上(Build 个目标)。
     1>Link:
         D:\Microsoft Visual Studio 12.0\VC\bin\link.exe /ERRORREPORT:PROMPT /OUT:"F:\agilor.distributed\agilor.storage.c150914\agilor.storage.c\Release\agilor.storage.c.exe" /NOLOGO /LIBPATH:F:\boost_1_58_0\stage\lib /LIBPATH:"C:\Users\LQ\Downloads\thrift-0.9.2\lib\cpp\Release" /LIBPATH:"F:\openssl-master\out32" /LIBPATH:"F:\log4cplus-master\msvc14\Win32\bin.Release" libthrift.lib libthriftnb.lib AgilorAPI.lib DeviceRtdb.lib libeay32.lib ssleay32.lib log4cplusS.lib kernel32.lib user32.lib gdi32.lib winspool.lib comdlg32.lib advapi32.lib shell32.lib ole32.lib oleaut32.lib uuid.lib odbc32.lib odbccp32.lib /MANIFEST /MANIFESTUAC:"level='asInvoker' uiAccess='false'" /manifest:embed /DEBUG /PDB:"F:\agilor.distributed\agilor.storage.c150914\agilor.storage.c\Release\agilor.storage.c.pdb" /OPT:REF /OPT:ICF /LTCG /TLBID:1 /DYNAMICBASE /NXCOMPAT /IMPLIB:"F:\agilor.distributed\agilor.storage.c150914\agilor.storage.c\Release\agilor.storage.c.lib" /MACHINE:X86 /SAFESEH Release\ACI.obj
         Release\aci_thrift_parse.obj
         Release\Agilor.obj
         Release\Agilor_server.skeleton.obj
         Release\BaseServerEventHandler.obj
         Release\config.obj
         Release\inter_constants.obj
         Release\inter_types.obj
         Release\AgilorHandler.obj
         Release\new_device_test.obj
         Release\target.obj
         Release\target_value.obj
         Release\test_main.obj
         正在生成代码
         已完成代码的生成
         agilor.storage.c.vcxproj -> F:\agilor.distributed\agilor.storage.c150914\agilor.storage.c\Release\agilor.storage.c.exe
     1>已完成生成项目“F:\agilor.distributed\agilor.storage.c150914\agilor.storage.c\agilor.storage.c\agilor.storage.c.vcxproj”(Build 个目标)的操作。

生成成功。

已用时间 00:00:19.22
