生成启动时间为 2015/10/18 20:37:31。
     1>项目“F:\agilor.distributed\agilor.storage.c150914\agilor.storage.c\agilor.storage.c\agilor.storage.c.vcxproj”在节点 2 上(Build 个目标)。
     1>ClCompile:
         D:\Microsoft Visual Studio 12.0\VC\bin\CL.exe /c /I"C:\Users\LQ\Downloads\thrift-0.9.2\lib\cpp\src" /IF:\boost_1_58_0 /I"F:\log4cplus-master\include" /ZI /nologo /W3 /WX- /sdl /Od /Oy- /D WIN32_LEAN_AND_MEAN /D _MBCS /Gm /EHsc /RTC1 /MDd /GS /fp:precise /Zc:wchar_t /Zc:forScope /Fo"F:\agilor.distributed\agilor.storage.c150914\agilor.storage.c\Win32\Debug\\" /Fd"F:\agilor.distributed\agilor.storage.c150914\agilor.storage.c\Win32\Debug\vc120.pdb" /Gd /TP /analyze- /errorReport:prompt new_device_test.cpp
         new_device_test.cpp
     1>f:\agilor.distributed\agilor.storage.c150914\agilor.storage.c\agilor.storage.c\snapshot.hpp(67): warning C4018: “>”: 有符号/无符号不匹配
     1>f:\agilor.distributed\agilor.storage.c150914\agilor.storage.c\agilor.storage.c\new_device_test.cpp(93): warning C4101: “e”: 未引用的局部变量
       Link:
         D:\Microsoft Visual Studio 12.0\VC\bin\link.exe /ERRORREPORT:PROMPT /OUT:"F:\agilor.distributed\agilor.storage.c150914\agilor.storage.c\Win32\agilor.Debug\agilor.storage.c.exe" /INCREMENTAL /NOLOGO /LIBPATH:F:\boost_1_58_0\stage\lib /LIBPATH:"C:\Users\LQ\Downloads\thrift-0.9.2\lib\cpp\Debug" /LIBPATH:"F:\openssl-master\out32" /LIBPATH:"F:\log4cplus-master\msvc14\Win32\bin.Debug" libthrift.lib libthriftnb.lib AgilorAPI.lib DeviceRtdb.lib libeay32.lib ssleay32.lib log4cplusSD.lib kernel32.lib user32.lib gdi32.lib winspool.lib comdlg32.lib advapi32.lib shell32.lib ole32.lib oleaut32.lib uuid.lib odbc32.lib odbccp32.lib /MANIFEST /MANIFESTUAC:"level='asInvoker' uiAccess='false'" /manifest:embed /DEBUG /PDB:"F:\agilor.distributed\agilor.storage.c150914\agilor.storage.c\Win32\agilor.Debug\agilor.storage.c.pdb" /TLBID:1 /DYNAMICBASE /NXCOMPAT /IMPLIB:"F:\agilor.distributed\agilor.storage.c150914\agilor.storage.c\Win32\agilor.Debug\agilor.storage.c.lib" /MACHINE:X86 F:\agilor.distributed\agilor.storage.c150914\agilor.storage.c\Win32\Debug\ACI.obj
         F:\agilor.distributed\agilor.storage.c150914\agilor.storage.c\Win32\Debug\aci_thrift_parse.obj
         F:\agilor.distributed\agilor.storage.c150914\agilor.storage.c\Win32\Debug\Agilor.obj
         F:\agilor.distributed\agilor.storage.c150914\agilor.storage.c\Win32\Debug\Agilor_server.skeleton.obj
         F:\agilor.distributed\agilor.storage.c150914\agilor.storage.c\Win32\Debug\BaseServerEventHandler.obj
         F:\agilor.distributed\agilor.storage.c150914\agilor.storage.c\Win32\Debug\config.obj
         F:\agilor.distributed\agilor.storage.c150914\agilor.storage.c\Win32\Debug\inter_constants.obj
         F:\agilor.distributed\agilor.storage.c150914\agilor.storage.c\Win32\Debug\inter_types.obj
         F:\agilor.distributed\agilor.storage.c150914\agilor.storage.c\Win32\Debug\AgilorHandler.obj
         F:\agilor.distributed\agilor.storage.c150914\agilor.storage.c\Win32\Debug\new_device_test.obj
         F:\agilor.distributed\agilor.storage.c150914\agilor.storage.c\Win32\Debug\target.obj
         F:\agilor.distributed\agilor.storage.c150914\agilor.storage.c\Win32\Debug\target_value.obj
         F:\agilor.distributed\agilor.storage.c150914\agilor.storage.c\Win32\Debug\test_main.obj
         agilor.storage.c.vcxproj -> F:\agilor.distributed\agilor.storage.c150914\agilor.storage.c\Win32\agilor.Debug\agilor.storage.c.exe
     1>已完成生成项目“F:\agilor.distributed\agilor.storage.c150914\agilor.storage.c\agilor.storage.c\agilor.storage.c.vcxproj”(Build 个目标)的操作。

生成成功。

已用时间 00:00:08.11
